<?xml version="1.0" encoding="UTF-8"?>
<testng-results ignored="0" total="1" passed="1" failed="0" skipped="0">
  <reporter-output>
  </reporter-output>
  <suite started-at="2020-07-25T22:07:12 IST" name="Default suite" finished-at="2020-07-25T22:07:16 IST" duration-ms="4154">
    <groups>
    </groups>
    <test started-at="2020-07-25T22:07:12 IST" name="Default test" finished-at="2020-07-25T22:07:16 IST" duration-ms="4154">
      <class name="loginTest">
        <test-method signature="dologin()[pri:0, instance:loginTest@61dd025]" started-at="2020-07-25T22:07:12 IST" name="dologin" finished-at="2020-07-25T22:07:16 IST" duration-ms="4099" status="PASS">
          <reporter-output>
          </reporter-output>
        </test-method> <!-- dologin -->
      </class> <!-- loginTest -->
    </test> <!-- Default test -->
  </suite> <!-- Default suite -->
</testng-results>
